🧪 Iniciando procesamiento de datos...
📖 Cargando archivos CSV...
Traceback (most recent call last):
  File "/data/proyectos/Equipo-45-Data-Science/src/data/make_dataset.py", line 99, in <module>
    make_dataset("data/raw", "data/processed")
    ~~~~~~~~~~~~^^^^^^^^^^^^^^^^^^^^^^^^^^^^^^
  File "/data/proyectos/Equipo-45-Data-Science/src/data/make_dataset.py", line 27, in make_dataset
    order_items['created_at'] = pd.to_datetime(order_items['created_at'], utc=True)
                                ~~~~~~~~~~~~~~^^^^^^^^^^^^^^^^^^^^^^^^^^^^^^^^^^^^^
  File "/data/proyectos/Equipo-45-Data-Science/.venv/lib64/python3.14/site-packages/pandas/core/tools/datetimes.py", line 1040, in to_datetime
    values = convert_listlike(arg._values, format)
  File "/data/proyectos/Equipo-45-Data-Science/.venv/lib64/python3.14/site-packages/pandas/core/tools/datetimes.py", line 435, in _convert_listlike_datetimes
    return _array_strptime_with_fallback(arg, name, utc, format, exact, errors)
  File "/data/proyectos/Equipo-45-Data-Science/.venv/lib64/python3.14/site-packages/pandas/core/tools/datetimes.py", line 470, in _array_strptime_with_fallback
    result, tz_out = array_strptime(arg, fmt, exact=exact, errors=errors, utc=utc)
                     ~~~~~~~~~~~~~~^^^^^^^^^^^^^^^^^^^^^^^^^^^^^^^^^^^^^^^^^^^^^^^
  File "pandas/_libs/tslibs/strptime.pyx", line 563, in pandas._libs.tslibs.strptime.array_strptime
  File "pandas/_libs/tslibs/strptime.pyx", line 511, in pandas._libs.tslibs.strptime.array_strptime
  File "pandas/_libs/tslibs/strptime.pyx", line 617, in pandas._libs.tslibs.strptime._parse_with_format
ValueError: time data "2024-01-17 03:54:46.754527+00:00" doesn't match format "%Y-%m-%d %H:%M:%S%z". You might want to try:
    - passing `format` if your strings have a consistent format;
    - passing `format='ISO8601'` if your strings are all ISO8601 but not necessarily in exactly the same format;
    - passing `format='mixed'`, and the format will be inferred for each element individually. You might want to use `dayfirst` alongside this.
